<?xml version="1.0" encoding="UTF-8"?>
<robot generator="Robot 6.1.1 (Python 3.12.1 on win32)" generated="20240521 16:19:03.465" rpa="false" schemaversion="4">
<suite id="s1" name="robotframework Questions from GPT" source="D:\RobotFramework\robotframework Questions from GPT">
<suite id="s1-s1" name="TestCase" source="D:\RobotFramework\robotframework Questions from GPT\TestCase">
<suite id="s1-s1-s1" name="Login" source="D:\RobotFramework\robotframework Questions from GPT\TestCase\Login">
<suite id="s1-s1-s1-s1" name="Login Validate" source="D:\RobotFramework\robotframework Questions from GPT\TestCase\Login\login_validate.robot">
<test id="s1-s1-s1-s1-t1" name="Login Pattern USername" line="33">
<kw name="Set Selenium Speed" library="SeleniumLibrary">
<arg>0.2s</arg>
<doc>Sets the delay that is waited after each Selenium command.</doc>
<status status="PASS" starttime="20240521 16:19:03.735" endtime="20240521 16:19:03.736"/>
</kw>
<kw name="Open Browser" library="SeleniumLibrary">
<arg>${LinkWeb}</arg>
<arg>chrome</arg>
<doc>Opens a new browser instance to the optional ``url``.</doc>
<msg timestamp="20240521 16:19:03.737" level="INFO">Opening browser 'chrome' to base url 'https://practicetestautomation.com/practice-test-login/'.</msg>
<status status="PASS" starttime="20240521 16:19:03.737" endtime="20240521 16:19:07.849"/>
</kw>
<kw name="Page Should Contain" library="SeleniumLibrary">
<arg>Test login</arg>
<doc>Verifies that current page contains ``text``.</doc>
<msg timestamp="20240521 16:19:08.271" level="INFO">Current page contains text 'Test login'.</msg>
<status status="PASS" starttime="20240521 16:19:07.850" endtime="20240521 16:19:08.271"/>
</kw>
<kw name="Insert Uusername" library="Keyword_login_validate">
<arg>student</arg>
<kw name="Click Element" library="SeleniumLibrary">
<arg>//*[@id="username"]</arg>
<doc>Click the element identified by ``locator``.</doc>
<msg timestamp="20240521 16:19:08.273" level="INFO">Clicking element '//*[@id="username"]'.</msg>
<status status="PASS" starttime="20240521 16:19:08.272" endtime="20240521 16:19:08.746"/>
</kw>
<kw name="Input Text" library="SeleniumLibrary">
<arg>//*[@id="username"]</arg>
<arg>${USername}</arg>
<doc>Types the given ``text`` into the text field identified by ``locator``.</doc>
<msg timestamp="20240521 16:19:08.748" level="INFO">Typing text 'student' into text field '//*[@id="username"]'.</msg>
<status status="PASS" starttime="20240521 16:19:08.747" endtime="20240521 16:19:09.434"/>
</kw>
<status status="PASS" starttime="20240521 16:19:08.272" endtime="20240521 16:19:09.434"/>
</kw>
<kw name="format Username" library="Keyword_login_validate">
<kw name="Get Value" library="SeleniumLibrary">
<var>${valueUSername}</var>
<arg>//*[@id="username"]</arg>
<doc>Returns the value attribute of the element identified by ``locator``.</doc>
<msg timestamp="20240521 16:19:09.866" level="INFO">${valueUSername} = student</msg>
<status status="PASS" starttime="20240521 16:19:09.436" endtime="20240521 16:19:09.866"/>
</kw>
<kw name="Should Match Regexp" library="BuiltIn">
<arg>${valueUSername}</arg>
<arg>^[a-zA-Z]</arg>
<arg>msg=username pattern ไม่ถูกต้อง</arg>
<doc>Fails if ``string`` does not match ``pattern`` as a regular expression.</doc>
<status status="PASS" starttime="20240521 16:19:09.866" endtime="20240521 16:19:09.867"/>
</kw>
<status status="PASS" starttime="20240521 16:19:09.435" endtime="20240521 16:19:09.867"/>
</kw>
<kw name="Insert Password" library="Keyword_login_validate">
<arg>Password123</arg>
<kw name="Click Element" library="SeleniumLibrary">
<arg>//*[@id="password"]</arg>
<doc>Click the element identified by ``locator``.</doc>
<msg timestamp="20240521 16:19:09.869" level="INFO">Clicking element '//*[@id="password"]'.</msg>
<status status="PASS" starttime="20240521 16:19:09.868" endtime="20240521 16:19:10.337"/>
</kw>
<kw name="Input Text" library="SeleniumLibrary">
<arg>//*[@id="password"]</arg>
<arg>${Password}</arg>
<doc>Types the given ``text`` into the text field identified by ``locator``.</doc>
<msg timestamp="20240521 16:19:10.338" level="INFO">Typing text 'Password123' into text field '//*[@id="password"]'.</msg>
<status status="PASS" starttime="20240521 16:19:10.337" endtime="20240521 16:19:11.014"/>
</kw>
<status status="PASS" starttime="20240521 16:19:09.868" endtime="20240521 16:19:11.014"/>
</kw>
<kw name="Submit Button" library="Keyword_login_validate">
<kw name="Click Button" library="SeleniumLibrary">
<arg>//*[@id="submit"]</arg>
<doc>Clicks the button identified by ``locator``.</doc>
<msg timestamp="20240521 16:19:11.016" level="INFO">Clicking button '//*[@id="submit"]'.</msg>
<status status="PASS" starttime="20240521 16:19:11.015" endtime="20240521 16:19:12.741"/>
</kw>
<status status="PASS" starttime="20240521 16:19:11.015" endtime="20240521 16:19:12.741"/>
</kw>
<kw name="Page Should Contain" library="SeleniumLibrary">
<arg>Success</arg>
<doc>Verifies that current page contains ``text``.</doc>
<msg timestamp="20240521 16:19:13.166" level="INFO">Current page contains text 'Success'.</msg>
<status status="PASS" starttime="20240521 16:19:12.742" endtime="20240521 16:19:13.166"/>
</kw>
<kw name="Capture Page Screenshot" library="SeleniumLibrary">
<doc>Takes a screenshot of the current page and embeds it into a log file.</doc>
<msg timestamp="20240521 16:19:13.499" level="INFO" html="true">&lt;/td&gt;&lt;/tr&gt;&lt;tr&gt;&lt;td colspan="3"&gt;&lt;a href="selenium-screenshot-8.png"&gt;&lt;img src="selenium-screenshot-8.png" width="800px"&gt;&lt;/a&gt;</msg>
<status status="PASS" starttime="20240521 16:19:13.167" endtime="20240521 16:19:13.499"/>
</kw>
<kw name="Close Browser" library="SeleniumLibrary">
<doc>Closes the current browser.</doc>
<status status="PASS" starttime="20240521 16:19:13.500" endtime="20240521 16:19:15.884"/>
</kw>
<doc>TestLogin Username</doc>
<status status="PASS" starttime="20240521 16:19:03.734" endtime="20240521 16:19:15.885"/>
</test>
<status status="PASS" starttime="20240521 16:19:03.536" endtime="20240521 16:19:15.887"/>
</suite>
<status status="PASS" starttime="20240521 16:19:03.533" endtime="20240521 16:19:15.889"/>
</suite>
<status status="PASS" starttime="20240521 16:19:03.529" endtime="20240521 16:19:15.891"/>
</suite>
<status status="PASS" starttime="20240521 16:19:03.502" endtime="20240521 16:19:15.894"/>
</suite>
<statistics>
<total>
<stat pass="1" fail="0" skip="0">All Tests</stat>
</total>
<tag>
</tag>
<suite>
<stat pass="1" fail="0" skip="0" id="s1" name="robotframework Questions from GPT">robotframework Questions from GPT</stat>
<stat pass="1" fail="0" skip="0" id="s1-s1" name="TestCase">robotframework Questions from GPT.TestCase</stat>
<stat pass="1" fail="0" skip="0" id="s1-s1-s1" name="Login">robotframework Questions from GPT.TestCase.Login</stat>
<stat pass="1" fail="0" skip="0" id="s1-s1-s1-s1" name="Login Validate">robotframework Questions from GPT.TestCase.Login.Login Validate</stat>
</suite>
</statistics>
<errors>
</errors>
</robot>
