<?xml version="1.0" encoding="UTF-8"?>
<robot generator="Robot 6.1.1 (Python 3.12.1 on win32)" generated="20240522 10:21:52.576" rpa="false" schemaversion="4">
<suite id="s1" name="robotframework Questions from GPT" source="D:\RobotFramework\robotframework Questions from GPT">
<suite id="s1-s1" name="TestCase" source="D:\RobotFramework\robotframework Questions from GPT\TestCase">
<suite id="s1-s1-s1" name="Login" source="D:\RobotFramework\robotframework Questions from GPT\TestCase\Login">
<suite id="s1-s1-s1-s1" name="Login Validate" source="D:\RobotFramework\robotframework Questions from GPT\TestCase\Login\login_validate.robot">
<test id="s1-s1-s1-s1-t1" name="Login Pattern Password" line="47">
<kw name="Set Selenium Speed" library="SeleniumLibrary">
<arg>0.2s</arg>
<doc>Sets the delay that is waited after each Selenium command.</doc>
<status status="PASS" starttime="20240522 10:21:52.877" endtime="20240522 10:21:52.878"/>
</kw>
<kw name="Open Browser" library="SeleniumLibrary">
<arg>${LinkWeb}</arg>
<arg>chrome</arg>
<doc>Opens a new browser instance to the optional ``url``.</doc>
<msg timestamp="20240522 10:21:52.879" level="INFO">Opening browser 'chrome' to base url 'https://practicetestautomation.com/practice-test-login/'.</msg>
<status status="PASS" starttime="20240522 10:21:52.878" endtime="20240522 10:21:56.268"/>
</kw>
<kw name="Page Should Contain" library="SeleniumLibrary">
<arg>Test login</arg>
<doc>Verifies that current page contains ``text``.</doc>
<msg timestamp="20240522 10:21:56.691" level="INFO">Current page contains text 'Test login'.</msg>
<status status="PASS" starttime="20240522 10:21:56.269" endtime="20240522 10:21:56.692"/>
</kw>
<kw name="Insert Password" library="Keyword_login_validate">
<arg>Password123</arg>
<kw name="Click Element" library="SeleniumLibrary">
<arg>//*[@id="password"]</arg>
<doc>Click the element identified by ``locator``.</doc>
<msg timestamp="20240522 10:21:56.695" level="INFO">Clicking element '//*[@id="password"]'.</msg>
<status status="PASS" starttime="20240522 10:21:56.695" endtime="20240522 10:21:57.164"/>
</kw>
<kw name="Input Text" library="SeleniumLibrary">
<arg>//*[@id="password"]</arg>
<arg>${Password}</arg>
<doc>Types the given ``text`` into the text field identified by ``locator``.</doc>
<msg timestamp="20240522 10:21:57.165" level="INFO">Typing text 'Password123' into text field '//*[@id="password"]'.</msg>
<status status="PASS" starttime="20240522 10:21:57.165" endtime="20240522 10:21:57.857"/>
</kw>
<status status="PASS" starttime="20240522 10:21:56.694" endtime="20240522 10:21:57.857"/>
</kw>
<kw name="format Password" library="Keyword_login_validate">
<kw name="Get Value" library="SeleniumLibrary">
<var>${valueUSername}</var>
<arg>//*[@id="password"]</arg>
<doc>Returns the value attribute of the element identified by ``locator``.</doc>
<msg timestamp="20240522 10:21:58.290" level="INFO">${valueUSername} = Password123</msg>
<status status="PASS" starttime="20240522 10:21:57.859" endtime="20240522 10:21:58.290"/>
</kw>
<kw name="Should Match Regexp" library="BuiltIn">
<arg>${valueUSername}</arg>
<arg>^[a-zA-Z0-9]</arg>
<arg>msg=username pattern ไม่ถูกต้อง</arg>
<doc>Fails if ``string`` does not match ``pattern`` as a regular expression.</doc>
<status status="PASS" starttime="20240522 10:21:58.290" endtime="20240522 10:21:58.292"/>
</kw>
<status status="PASS" starttime="20240522 10:21:57.859" endtime="20240522 10:21:58.292"/>
</kw>
<kw name="Submit Button" library="Keyword_login_validate">
<kw name="Click Button" library="SeleniumLibrary">
<arg>//*[@id="submit"]</arg>
<doc>Clicks the button identified by ``locator``.</doc>
<msg timestamp="20240522 10:21:58.294" level="INFO">Clicking button '//*[@id="submit"]'.</msg>
<status status="PASS" starttime="20240522 10:21:58.293" endtime="20240522 10:21:59.374"/>
</kw>
<status status="PASS" starttime="20240522 10:21:58.293" endtime="20240522 10:21:59.374"/>
</kw>
<kw name="Capture Page Screenshot" library="SeleniumLibrary">
<doc>Takes a screenshot of the current page and embeds it into a log file.</doc>
<msg timestamp="20240522 10:21:59.709" level="INFO" html="true">&lt;/td&gt;&lt;/tr&gt;&lt;tr&gt;&lt;td colspan="3"&gt;&lt;a href="selenium-screenshot-8.png"&gt;&lt;img src="selenium-screenshot-8.png" width="800px"&gt;&lt;/a&gt;</msg>
<status status="PASS" starttime="20240522 10:21:59.377" endtime="20240522 10:21:59.711"/>
</kw>
<kw name="Close Browser" library="SeleniumLibrary">
<doc>Closes the current browser.</doc>
<status status="PASS" starttime="20240522 10:21:59.712" endtime="20240522 10:22:02.117"/>
</kw>
<doc>TestLogin Username</doc>
<status status="PASS" starttime="20240522 10:21:52.876" endtime="20240522 10:22:02.118"/>
</test>
<status status="PASS" starttime="20240522 10:21:52.654" endtime="20240522 10:22:02.120"/>
</suite>
<status status="PASS" starttime="20240522 10:21:52.650" endtime="20240522 10:22:02.123"/>
</suite>
<status status="PASS" starttime="20240522 10:21:52.646" endtime="20240522 10:22:02.125"/>
</suite>
<status status="PASS" starttime="20240522 10:21:52.622" endtime="20240522 10:22:02.127"/>
</suite>
<statistics>
<total>
<stat pass="1" fail="0" skip="0">All Tests</stat>
</total>
<tag>
</tag>
<suite>
<stat pass="1" fail="0" skip="0" id="s1" name="robotframework Questions from GPT">robotframework Questions from GPT</stat>
<stat pass="1" fail="0" skip="0" id="s1-s1" name="TestCase">robotframework Questions from GPT.TestCase</stat>
<stat pass="1" fail="0" skip="0" id="s1-s1-s1" name="Login">robotframework Questions from GPT.TestCase.Login</stat>
<stat pass="1" fail="0" skip="0" id="s1-s1-s1-s1" name="Login Validate">robotframework Questions from GPT.TestCase.Login.Login Validate</stat>
</suite>
</statistics>
<errors>
</errors>
</robot>
